d:\my documents\visual studio 2013\projects\oop_project\oop\debug\vc120.pdb
d:\my documents\visual studio 2013\projects\oop_project\oop\debug\vc120.idb
d:\my documents\visual studio 2013\projects\oop_project\oop\debug\5003_ass2_main.obj
d:\my documents\visual studio 2013\projects\oop_project\oop\debug\bankaccount.obj
d:\my documents\visual studio 2013\projects\oop_project\oop\debug\cashcard.obj
d:\my documents\visual studio 2013\projects\oop_project\oop\debug\cashpoint.obj
d:\my documents\visual studio 2013\projects\oop_project\oop\debug\time.obj
d:\my documents\visual studio 2013\projects\oop_project\oop\debug\transaction.obj
d:\my documents\visual studio 2013\projects\oop_project\oop\debug\transactionlist.obj
d:\my documents\visual studio 2013\projects\oop_project\oop\debug\userinterface.obj
d:\my documents\visual studio 2013\projects\oop_project\oop\debug\date.obj
d:\my documents\visual studio 2013\projects\oop_project\oop\debug\oop_project.ilk
d:\my documents\visual studio 2013\projects\oop_project\oop\debug\oop_project.exe
d:\my documents\visual studio 2013\projects\oop_project\oop\debug\oop_project.pdb
d:\my documents\visual studio 2013\projects\oop_project\oop\debug\oop_project.tlog\cl.command.1.tlog
d:\my documents\visual studio 2013\projects\oop_project\oop\debug\oop_project.tlog\cl.read.1.tlog
d:\my documents\visual studio 2013\projects\oop_project\oop\debug\oop_project.tlog\cl.write.1.tlog
d:\my documents\visual studio 2013\projects\oop_project\oop\debug\oop_project.tlog\link.command.1.tlog
d:\my documents\visual studio 2013\projects\oop_project\oop\debug\oop_project.tlog\link.read.1.tlog
d:\my documents\visual studio 2013\projects\oop_project\oop\debug\oop_project.tlog\link.write.1.tlog
