Build started 18/04/2015 17:13:18.
     1>Project "H:\Github\OOP\OOP_Project.vcxproj" on node 2 (Build target(s)).
     1>ClCompile:
         H:\VS 2013\VC\bin\CL.exe /c /ZI /nologo /W3 /WX- /sdl- /Od /Oy- /D WIN32 /D _DEBUG /D _CONSOLE /D _UNICODE /D UNICODE /Gm /EHsc /RTC1 /MDd /GS /fp:precise /Zc:wchar_t /Zc:forScope /Fo"Debug\\" /Fd"Debug\vc120.pdb" /Gd /TP /analyze- /errorReport:prompt ISAAccount.cpp
         ISAAccount.cpp
       Link:
         H:\VS 2013\VC\bin\link.exe /ERRORREPORT:PROMPT /OUT:"H:\Github\OOP\Debug\OOP_Project.exe" /INCREMENTAL /NOLOGO kernel32.lib user32.lib gdi32.lib winspool.lib comdlg32.lib advapi32.lib shell32.lib ole32.lib oleaut32.lib uuid.lib odbc32.lib odbccp32.lib /MANIFEST /MANIFESTUAC:"level='asInvoker' uiAccess='false'" /manifest:embed /DEBUG /PDB:"H:\Github\OOP\Debug\OOP_Project.pdb" /SUBSYSTEM:CONSOLE /TLBID:1 /DYNAMICBASE:NO /IMPLIB:"H:\Github\OOP\Debug\OOP_Project.lib" /MACHINE:X86 /SAFESEH Debug\5003_Ass2_Main.obj
         Debug\BankAccount.obj
         Debug\CashCard.obj
         Debug\CashPoint.obj
         Debug\ChildAccount.obj
         Debug\CurrentAccount.obj
         Debug\Date.obj
         Debug\ISAAccount.obj
         Debug\SavingsAccount.obj
         Debug\Time.obj
         Debug\Transaction.obj
         Debug\TransactionList.obj
         Debug\UserInterface.obj
     1>5003_Ass2_Main.obj : warning LNK4075: ignoring '/EDITANDCONTINUE' due to '/SAFESEH' specification
         OOP_Project.vcxproj -> H:\Github\OOP\Debug\OOP_Project.exe
     1>Done Building Project "H:\Github\OOP\OOP_Project.vcxproj" (Build target(s)).

Build succeeded.

Time Elapsed 00:00:01.78
